<?xml version="1.0" encoding="UTF-8"?>
<!-- Generated by org.testng.reporters.JUnitXMLReporter -->
<testsuite ignored="0" hostname="DESKTOP-1EQ9BS4" failures="0" tests="2" name="Sauce Lab Demo Products Page" time="12.689" errors="0" timestamp="2024-11-01T11:04:58 GMT">
  <testcase classname="tests.ProductsPageTest" name="verifyAllProductsIsDisplayedOnProductsPg" time="7.547"/>
  <testcase classname="tests.ProductsPageTest" name="verifyRemoveBtnAndUpdatedInCartIsDisplayedOnProductsPage" time="3.399"/>
</testsuite> <!-- Sauce Lab Demo Products Page -->
