<?xml version="1.0" encoding="UTF-8"?>
<!-- Generated by org.testng.reporters.JUnitXMLReporter -->
<testsuite ignored="0" hostname="DESKTOP-1EQ9BS4" failures="0" tests="5" name="Sauce Lab Demo login" time="32.491" errors="0" timestamp="2024-11-01T11:04:45 GMT">
  <testcase classname="tests.LoginTest" name="loginWithblankEmail" time="5.583"/>
  <testcase classname="tests.LoginTest" name="loginWithblankPass" time="5.075"/>
  <testcase classname="tests.LoginTest" name="loginWithValidCreds" time="11.504"/>
  <testcase classname="tests.LoginTest" name="loginWithInvalidCreds" time="2.661"/>
  <testcase classname="tests.LoginTest" name="loginWithInvalidEmail" time="2.591"/>
</testsuite> <!-- Sauce Lab Demo login -->
