<?xml version="1.0" encoding="UTF-8"?>
<!-- Generated by org.testng.reporters.JUnitXMLReporter -->
<testsuite ignored="0" hostname="DESKTOP-1EQ9BS4" failures="0" tests="5" name="Sauce Lab Demo login" time="34.368" errors="0" timestamp="2024-11-01T10:37:55 GMT">
  <testcase classname="tests.LoginTest" name="loginWithblankEmail" time="6.364"/>
  <testcase classname="tests.LoginTest" name="loginWithblankPass" time="5.084"/>
  <testcase classname="tests.LoginTest" name="loginWithValidCreds" time="13.631"/>
  <testcase classname="tests.LoginTest" name="loginWithInvalidCreds" time="2.652"/>
  <testcase classname="tests.LoginTest" name="loginWithInvalidEmail" time="2.609"/>
</testsuite> <!-- Sauce Lab Demo login -->
