<?xml version="1.0" encoding="UTF-8"?>
<!-- Generated by org.testng.reporters.JUnitXMLReporter -->
<testsuite ignored="0" hostname="DESKTOP-1EQ9BS4" failures="0" tests="2" name="Sauce Lab Demo Products Page" time="13.015" errors="0" timestamp="2024-11-01T10:38:08 GMT">
  <testcase classname="tests.ProductsPageTest" name="verifyAllProductsIsDisplayedOnProductsPg" time="7.424"/>
  <testcase classname="tests.ProductsPageTest" name="verifyRemoveBtnAndUpdatedInCartIsDisplayedOnProductsPage" time="3.407"/>
</testsuite> <!-- Sauce Lab Demo Products Page -->
