<?xml version="1.0" encoding="UTF-8"?>
<testng-results ignored="0" total="7" passed="7" failed="0" skipped="0">
  <reporter-output>
  </reporter-output>
  <suite started-at="2024-11-01T11:04:12 GMT" name="Sauce lab demo" finished-at="2024-11-01T11:04:58 GMT" duration-ms="45285">
    <groups>
    </groups>
    <test started-at="2024-11-01T11:04:12 GMT" name="Sauce Lab Demo login" finished-at="2024-11-01T11:04:45 GMT" duration-ms="32491">
      <class name="tests.LoginTest">
        <test-method is-config="true" signature="setUp()[pri:0, instance:tests.LoginTest@26e356f0]" started-at="2024-11-01T11:04:12 GMT" name="setUp" finished-at="2024-11-01T11:04:17 GMT" duration-ms="4674" status="PASS">
          <reporter-output>
          </reporter-output>
        </test-method> <!-- setUp -->
        <test-method signature="loginWithblankEmail()[pri:1, instance:tests.LoginTest@26e356f0]" started-at="2024-11-01T11:04:17 GMT" name="loginWithblankEmail" description="User tries to login with blank username" finished-at="2024-11-01T11:04:23 GMT" duration-ms="5583" status="PASS">
          <reporter-output>
          </reporter-output>
        </test-method> <!-- loginWithblankEmail -->
        <test-method is-config="true" signature="screenShot(org.testng.ITestResult)[pri:0, instance:tests.LoginTest@26e356f0]" started-at="2024-11-01T11:04:23 GMT" name="screenShot" finished-at="2024-11-01T11:04:23 GMT" duration-ms="3" status="PASS">
          <params>
            <param index="0">
              <value>
                <![CDATA[[TestResult name=loginWithblankEmail status=SUCCESS method=LoginTest.loginWithblankEmail()[pri:1, instance:tests.LoginTest@26e356f0] output={null}]]]>
              </value>
            </param>
          </params>
          <reporter-output>
          </reporter-output>
        </test-method> <!-- screenShot -->
        <test-method signature="loginWithblankPass()[pri:2, instance:tests.LoginTest@26e356f0]" started-at="2024-11-01T11:04:23 GMT" name="loginWithblankPass" description="User tries to login with blank password" finished-at="2024-11-01T11:04:28 GMT" duration-ms="5075" status="PASS">
          <reporter-output>
          </reporter-output>
        </test-method> <!-- loginWithblankPass -->
        <test-method is-config="true" signature="screenShot(org.testng.ITestResult)[pri:0, instance:tests.LoginTest@26e356f0]" started-at="2024-11-01T11:04:28 GMT" name="screenShot" finished-at="2024-11-01T11:04:28 GMT" duration-ms="1" status="PASS">
          <params>
            <param index="0">
              <value>
                <![CDATA[[TestResult name=loginWithblankPass status=SUCCESS method=LoginTest.loginWithblankPass()[pri:2, instance:tests.LoginTest@26e356f0] output={null}]]]>
              </value>
            </param>
          </params>
          <reporter-output>
          </reporter-output>
        </test-method> <!-- screenShot -->
        <test-method signature="loginWithValidCreds()[pri:3, instance:tests.LoginTest@26e356f0]" started-at="2024-11-01T11:04:28 GMT" name="loginWithValidCreds" description="User gives valid credentials and login is successful" finished-at="2024-11-01T11:04:39 GMT" duration-ms="11504" status="PASS">
          <reporter-output>
          </reporter-output>
        </test-method> <!-- loginWithValidCreds -->
        <test-method is-config="true" signature="screenShot(org.testng.ITestResult)[pri:0, instance:tests.LoginTest@26e356f0]" started-at="2024-11-01T11:04:39 GMT" name="screenShot" finished-at="2024-11-01T11:04:39 GMT" duration-ms="0" status="PASS">
          <params>
            <param index="0">
              <value>
                <![CDATA[[TestResult name=loginWithValidCreds status=SUCCESS method=LoginTest.loginWithValidCreds()[pri:3, instance:tests.LoginTest@26e356f0] output={null}]]]>
              </value>
            </param>
          </params>
          <reporter-output>
          </reporter-output>
        </test-method> <!-- screenShot -->
        <test-method signature="loginWithInvalidCreds()[pri:4, instance:tests.LoginTest@26e356f0]" started-at="2024-11-01T11:04:39 GMT" name="loginWithInvalidCreds" description="Registered Username but incorrect Password Given" finished-at="2024-11-01T11:04:42 GMT" duration-ms="2661" status="PASS">
          <reporter-output>
          </reporter-output>
        </test-method> <!-- loginWithInvalidCreds -->
        <test-method is-config="true" signature="screenShot(org.testng.ITestResult)[pri:0, instance:tests.LoginTest@26e356f0]" started-at="2024-11-01T11:04:42 GMT" name="screenShot" finished-at="2024-11-01T11:04:42 GMT" duration-ms="1" status="PASS">
          <params>
            <param index="0">
              <value>
                <![CDATA[[TestResult name=loginWithInvalidCreds status=SUCCESS method=LoginTest.loginWithInvalidCreds()[pri:4, instance:tests.LoginTest@26e356f0] output={null}]]]>
              </value>
            </param>
          </params>
          <reporter-output>
          </reporter-output>
        </test-method> <!-- screenShot -->
        <test-method signature="loginWithInvalidEmail()[pri:5, instance:tests.LoginTest@26e356f0]" started-at="2024-11-01T11:04:42 GMT" name="loginWithInvalidEmail" description="User tries to login with invalid username" finished-at="2024-11-01T11:04:44 GMT" duration-ms="2591" status="PASS">
          <reporter-output>
          </reporter-output>
        </test-method> <!-- loginWithInvalidEmail -->
        <test-method is-config="true" signature="screenShot(org.testng.ITestResult)[pri:0, instance:tests.LoginTest@26e356f0]" started-at="2024-11-01T11:04:45 GMT" name="screenShot" finished-at="2024-11-01T11:04:45 GMT" duration-ms="0" status="PASS">
          <params>
            <param index="0">
              <value>
                <![CDATA[[TestResult name=loginWithInvalidEmail status=SUCCESS method=LoginTest.loginWithInvalidEmail()[pri:5, instance:tests.LoginTest@26e356f0] output={null}]]]>
              </value>
            </param>
          </params>
          <reporter-output>
          </reporter-output>
        </test-method> <!-- screenShot -->
        <test-method is-config="true" signature="closeDriver()[pri:0, instance:tests.LoginTest@26e356f0]" started-at="2024-11-01T11:04:45 GMT" name="closeDriver" finished-at="2024-11-01T11:04:45 GMT" duration-ms="321" status="PASS">
          <reporter-output>
          </reporter-output>
        </test-method> <!-- closeDriver -->
      </class> <!-- tests.LoginTest -->
    </test> <!-- Sauce Lab Demo login -->
    <test started-at="2024-11-01T11:04:45 GMT" name="Sauce Lab Demo Products Page" finished-at="2024-11-01T11:04:58 GMT" duration-ms="12689">
      <class name="tests.ProductsPageTest">
        <test-method is-config="true" signature="setUp()[pri:0, instance:tests.ProductsPageTest@51c668e3]" started-at="2024-11-01T11:04:45 GMT" name="setUp" finished-at="2024-11-01T11:04:46 GMT" duration-ms="1378" status="PASS">
          <reporter-output>
          </reporter-output>
        </test-method> <!-- setUp -->
        <test-method signature="verifyAllProductsIsDisplayedOnProductsPg()[pri:1, instance:tests.ProductsPageTest@51c668e3]" started-at="2024-11-01T11:04:46 GMT" name="verifyAllProductsIsDisplayedOnProductsPg" description="User will verify all products are displayed after logging in" finished-at="2024-11-01T11:04:54 GMT" duration-ms="7547" status="PASS">
          <reporter-output>
          </reporter-output>
        </test-method> <!-- verifyAllProductsIsDisplayedOnProductsPg -->
        <test-method is-config="true" signature="screenShot(org.testng.ITestResult)[pri:0, instance:tests.ProductsPageTest@51c668e3]" started-at="2024-11-01T11:04:54 GMT" name="screenShot" finished-at="2024-11-01T11:04:54 GMT" duration-ms="2" status="PASS">
          <params>
            <param index="0">
              <value>
                <![CDATA[[TestResult name=verifyAllProductsIsDisplayedOnProductsPg status=SUCCESS method=ProductsPageTest.verifyAllProductsIsDisplayedOnProductsPg()[pri:1, instance:tests.ProductsPageTest@51c668e3] output={null}]]]>
              </value>
            </param>
          </params>
          <reporter-output>
          </reporter-output>
        </test-method> <!-- screenShot -->
        <test-method signature="verifyRemoveBtnAndUpdatedInCartIsDisplayedOnProductsPage()[pri:2, instance:tests.ProductsPageTest@51c668e3]" started-at="2024-11-01T11:04:54 GMT" name="verifyRemoveBtnAndUpdatedInCartIsDisplayedOnProductsPage" description="User will Add product to cart and verify for &#039;Remove&#039; button and product added to cart" finished-at="2024-11-01T11:04:57 GMT" duration-ms="3399" status="PASS">
          <reporter-output>
          </reporter-output>
        </test-method> <!-- verifyRemoveBtnAndUpdatedInCartIsDisplayedOnProductsPage -->
        <test-method is-config="true" signature="screenShot(org.testng.ITestResult)[pri:0, instance:tests.ProductsPageTest@51c668e3]" started-at="2024-11-01T11:04:57 GMT" name="screenShot" finished-at="2024-11-01T11:04:57 GMT" duration-ms="1" status="PASS">
          <params>
            <param index="0">
              <value>
                <![CDATA[[TestResult name=verifyRemoveBtnAndUpdatedInCartIsDisplayedOnProductsPage status=SUCCESS method=ProductsPageTest.verifyRemoveBtnAndUpdatedInCartIsDisplayedOnProductsPage()[pri:2, instance:tests.ProductsPageTest@51c668e3] output={null}]]]>
              </value>
            </param>
          </params>
          <reporter-output>
          </reporter-output>
        </test-method> <!-- screenShot -->
        <test-method is-config="true" signature="closeDriver()[pri:0, instance:tests.ProductsPageTest@51c668e3]" started-at="2024-11-01T11:04:57 GMT" name="closeDriver" finished-at="2024-11-01T11:04:58 GMT" duration-ms="354" status="PASS">
          <reporter-output>
          </reporter-output>
        </test-method> <!-- closeDriver -->
      </class> <!-- tests.ProductsPageTest -->
    </test> <!-- Sauce Lab Demo Products Page -->
  </suite> <!-- Sauce lab demo -->
</testng-results>
